<?xml version="1.0" encoding="utf-8" standalone="no"?>
<!--This file represents the results of running a test suite-->
<test-results name="D:\KULIAH\SEMESTER 3\Pemrograman Lanjut\Materi\Pertemuan 5\02 tugas\TugasUnitTest\bin\Debug\TugasUnitTest.dll" total="2" errors="0" failures="0" not-run="0" inconclusive="0" ignored="0" skipped="0" invalid="0" date="2021-10-27" time="15:02:26">
  <environment nunit-version="2.6.4.14350" clr-version="2.0.50727.9151" os-version="Microsoft Windows NT 6.2.9200.0" platform="Win32NT" cwd="C:\tools-testing" machine-name="LAPTOP-KQV2B4TH" user="Lenovo" user-domain="LAPTOP-KQV2B4TH" />
  <culture-info current-culture="en-ID" current-uiculture="en-US" />
  <test-suite type="Assembly" name="D:\KULIAH\SEMESTER 3\Pemrograman Lanjut\Materi\Pertemuan 5\02 tugas\TugasUnitTest\bin\Debug\TugasUnitTest.dll" executed="True" result="Success" success="True" time="0.046" asserts="0">
    <results>
      <test-suite type="Namespace" name="TugasUnitTest" executed="True" result="Success" success="True" time="0.040" asserts="0">
        <results>
          <test-suite type="TestFixture" name="DayTest" executed="True" result="Success" success="True" time="0.022" asserts="0">
            <results>
              <test-case name="TugasUnitTest.DayTest.NameOfDayTest" executed="True" result="Success" success="True" time="0.016" asserts="7" />
            </results>
          </test-suite>
          <test-suite type="TestFixture" name="UserTest" executed="True" result="Success" success="True" time="0.002" asserts="0">
            <results>
              <test-case name="TugasUnitTest.UserTest.TestValidUser" executed="True" result="Success" success="True" time="0.001" asserts="1" />
            </results>
          </test-suite>
        </results>
      </test-suite>
    </results>
  </test-suite>
</test-results>